[33mcommit 16e9a5b39121483b8a8fc3ef4ec69b7857073b75[m[33m ([m[1;36mHEAD -> [m[1;32mmaster[m[33m)[m
Author: Gualberto <marcosgualberto@gmail.com>
Date:   Sun Feb 24 12:28:37 2019 -0300

    Linha de comando

[33mcommit 60adc09fefd93e946032134d0a4dcc6ed0c9128d[m
Author: Gualberto <marcosgualberto@gmail.com>
Date:   Wed Feb 20 16:25:30 2019 -0300

    .

[33mcommit 555c5c9a8d88156250956fe1777a2016a7a0be1f[m
Author: Gualberto <marcosgualberto@gmail.com>
Date:   Tue Feb 19 13:56:18 2019 -0300

    19 de fevereiro

[33mcommit 122e7a702872e81634b4ed7856f318e1367393b9[m
Author: Gualberto <marcosgualberto@gmail.com>
Date:   Thu Feb 14 19:06:20 2019 -0200

    x

[33mcommit 60af66abe7adef7ea1c31e6c8a097efdf8ebcaa2[m
Author: Gualberto <marcosgualberto@gmail.com>
Date:   Thu Feb 14 01:44:13 2019 -0200

    Primeira Vez subindo direto pelo Visual Studio Code

[33mcommit 7e859b2090b04f04f8207370e459af915449210a[m
Author: Gualberto <marcosgualberto@gmail.com>
Date:   Tue Feb 12 23:35:00 2019 -0200

    Inicio do trabalho para a criação do primeiro crud

[33mcommit 1bcc453535460dc28efecf5d629f71b25b35d94e[m
Author: Gualberto <marcosgualberto@gmail.com>
Date:   Fri Feb 8 20:42:27 2019 -0200

    Copia do app feito na Aula do Prof Jorge Sann'tana pelo Udemy
    
    https://www.udemy.com/curso-completo-do-desenvolvedor-nodejs/learn/v4
